nftset=/speedtest.net/4#inet#fw4#vpn_domains
nftset=/*.discord.com/4#inet#fw4#vpn_domains
nftset=/*.discord.gg/4#inet#fw4#vpn_domains
nftset=/*.discord.media/4#inet#fw4#vpn_domains
nftset=/*.discordapp.com/4#inet#fw4#vpn_domains
nftset=/*.discordapp.net/4#inet#fw4#vpn_domains
nftset=/*.pornhub.com/4#inet#fw4#vpn_domains
nftset=/pornhub.com/4#inet#fw4#vpn_domains
nftset=/7tv.app/4#inet#fw4#vpn_domains
nftset=/airhorn.solutions/4#inet#fw4#vpn_domains
nftset=/airhornbot.com/4#inet#fw4#vpn_domains
nftset=/bigbeans.solutions/4#inet#fw4#vpn_domains
nftset=/cdn.discordapp.com/4#inet#fw4#vpn_domains
nftset=/dis.gd/4#inet#fw4#vpn_domains
nftset=/dis.gd/4#inet#fw4#vpn_domains
nftset=/discord-activities.com/4#inet#fw4#vpn_domains
nftset=/discord-attachments-uploads-prd.storage.googleapis.com/4#inet#fw4#vpn_domains
nftset=/discord.co/4#inet#fw4#vpn_domains
nftset=/discord.co/4#inet#fw4#vpn_domains
nftset=/discord.com/4#inet#fw4#vpn_domains
nftset=/discord.design/4#inet#fw4#vpn_domains
nftset=/discord.dev/4#inet#fw4#vpn_domains
nftset=/discord.gg/4#inet#fw4#vpn_domains
nftset=/discord.gift/4#inet#fw4#vpn_domains
nftset=/discord.gifts/4#inet#fw4#vpn_domains
nftset=/discord.media/4#inet#fw4#vpn_domains
nftset=/discord.new/4#inet#fw4#vpn_domains
nftset=/discord.store/4#inet#fw4#vpn_domains
nftset=/discord.tools/4#inet#fw4#vpn_domains
nftset=/discordactivities.com/4#inet#fw4#vpn_domains
nftset=/discordapp.com/4#inet#fw4#vpn_domains
nftset=/discordapp.io/4#inet#fw4#vpn_domains
nftset=/discordapp.net/4#inet#fw4#vpn_domains
nftset=/discordcdn.com/4#inet#fw4#vpn_domains
nftset=/discordmerch.com/4#inet#fw4#vpn_domains
nftset=/discordpartygames.com/4#inet#fw4#vpn_domains
nftset=/discordsays.com/4#inet#fw4#vpn_domains
nftset=/discordstatus.com/4#inet#fw4#vpn_domains
nftset=/discordstatus.com/4#inet#fw4#vpn_domains
nftset=/discordstatus.com/4#inet#fw4#vpn_domains
nftset=/full:hammerandchisel.ssl.zendesk.com/4#inet#fw4#vpn_domains
nftset=/gateway.discord.gg/4#inet#fw4#vpn_domains
nftset=/ggpht.cn@cn/4#inet#fw4#vpn_domains
nftset=/ggpht.com/4#inet#fw4#vpn_domains
nftset=/googlevideo.com/4#inet#fw4#vpn_domains
nftset=/images-ext-1.discordapp.net/4#inet#fw4#vpn_domains
nftset=/instagram.com/4#inet#fw4#vpn_domains
nftset=/kino.pub/4#inet#fw4#vpn_domains
nftset=/media.discordapp.net/4#inet#fw4#vpn_domains
nftset=/watchanimeattheoffice.com/4#inet#fw4#vpn_domains
nftset=/wide-youtube.l.google.com/4#inet#fw4#vpn_domains
nftset=/withyoutube.com/4#inet#fw4#vpn_domains
nftset=/x.com/4#inet#fw4#vpn_domains
nftset=/youtu.be/4#inet#fw4#vpn_domains
nftset=/youtube-nocookie.com/4#inet#fw4#vpn_domains
nftset=/youtube-ui.l.google.com/4#inet#fw4#vpn_domains
nftset=/youtube.ae/4#inet#fw4#vpn_domains
nftset=/youtube.al/4#inet#fw4#vpn_domains
nftset=/youtube.am/4#inet#fw4#vpn_domains
nftset=/youtube.at/4#inet#fw4#vpn_domains
nftset=/youtube.az/4#inet#fw4#vpn_domains
nftset=/youtube.ba/4#inet#fw4#vpn_domains
nftset=/youtube.be/4#inet#fw4#vpn_domains
nftset=/youtube.bg/4#inet#fw4#vpn_domains
nftset=/youtube.bh/4#inet#fw4#vpn_domains
nftset=/youtube.bo/4#inet#fw4#vpn_domains
nftset=/youtube.by/4#inet#fw4#vpn_domains
nftset=/youtube.ca/4#inet#fw4#vpn_domains
nftset=/youtube.cat/4#inet#fw4#vpn_domains
nftset=/youtube.ch/4#inet#fw4#vpn_domains
nftset=/youtube.cl/4#inet#fw4#vpn_domains
nftset=/youtube.co/4#inet#fw4#vpn_domains
nftset=/youtube.co.ae/4#inet#fw4#vpn_domains
nftset=/youtube.co.at/4#inet#fw4#vpn_domains
nftset=/youtube.co.cr/4#inet#fw4#vpn_domains
nftset=/youtube.co.hu/4#inet#fw4#vpn_domains
nftset=/youtube.co.id/4#inet#fw4#vpn_domains
nftset=/youtube.co.il/4#inet#fw4#vpn_domains
nftset=/youtube.co.in/4#inet#fw4#vpn_domains
nftset=/youtube.co.jp/4#inet#fw4#vpn_domains
nftset=/youtube.co.ke/4#inet#fw4#vpn_domains
nftset=/youtube.co.kr/4#inet#fw4#vpn_domains
nftset=/youtube.co.ma/4#inet#fw4#vpn_domains
nftset=/youtube.co.nz/4#inet#fw4#vpn_domains
nftset=/youtube.co.th/4#inet#fw4#vpn_domains
nftset=/youtube.co.tz/4#inet#fw4#vpn_domains
nftset=/youtube.co.ug/4#inet#fw4#vpn_domains
nftset=/youtube.co.uk/4#inet#fw4#vpn_domains
nftset=/youtube.co.ve/4#inet#fw4#vpn_domains
nftset=/youtube.co.za/4#inet#fw4#vpn_domains
nftset=/youtube.co.zw/4#inet#fw4#vpn_domains
nftset=/youtube.com/4#inet#fw4#vpn_domains
nftset=/youtube.com.ar/4#inet#fw4#vpn_domains
nftset=/youtube.com.au/4#inet#fw4#vpn_domains
nftset=/youtube.com.az/4#inet#fw4#vpn_domains
nftset=/youtube.com.bd/4#inet#fw4#vpn_domains
nftset=/youtube.com.bh/4#inet#fw4#vpn_domains
nftset=/youtube.com.bo/4#inet#fw4#vpn_domains
nftset=/youtube.com.br/4#inet#fw4#vpn_domains
nftset=/youtube.com.by/4#inet#fw4#vpn_domains
nftset=/youtube.com.co/4#inet#fw4#vpn_domains
nftset=/youtube.com.do/4#inet#fw4#vpn_domains
nftset=/youtube.com.ec/4#inet#fw4#vpn_domains
nftset=/youtube.com.ee/4#inet#fw4#vpn_domains
nftset=/youtube.com.eg/4#inet#fw4#vpn_domains
nftset=/youtube.com.es/4#inet#fw4#vpn_domains
nftset=/youtube.com.gh/4#inet#fw4#vpn_domains
nftset=/youtube.com.gr/4#inet#fw4#vpn_domains
nftset=/youtube.com.gt/4#inet#fw4#vpn_domains
nftset=/youtube.com.hk/4#inet#fw4#vpn_domains
nftset=/youtube.com.hn/4#inet#fw4#vpn_domains
nftset=/youtube.com.hr/4#inet#fw4#vpn_domains
nftset=/youtube.com.jm/4#inet#fw4#vpn_domains
nftset=/youtube.com.jo/4#inet#fw4#vpn_domains
nftset=/youtube.com.kw/4#inet#fw4#vpn_domains
nftset=/youtube.com.lb/4#inet#fw4#vpn_domains
nftset=/youtube.com.lv/4#inet#fw4#vpn_domains
nftset=/youtube.com.ly/4#inet#fw4#vpn_domains
nftset=/youtube.com.mk/4#inet#fw4#vpn_domains
nftset=/youtube.com.mt/4#inet#fw4#vpn_domains
nftset=/youtube.com.mx/4#inet#fw4#vpn_domains
nftset=/youtube.com.my/4#inet#fw4#vpn_domains
nftset=/youtube.com.ng/4#inet#fw4#vpn_domains
nftset=/youtube.com.ni/4#inet#fw4#vpn_domains
nftset=/youtube.com.om/4#inet#fw4#vpn_domains
nftset=/youtube.com.pa/4#inet#fw4#vpn_domains
nftset=/youtube.com.pe/4#inet#fw4#vpn_domains
nftset=/youtube.com.ph/4#inet#fw4#vpn_domains
nftset=/youtube.com.pk/4#inet#fw4#vpn_domains
nftset=/youtube.com.pt/4#inet#fw4#vpn_domains
nftset=/youtube.com.py/4#inet#fw4#vpn_domains
nftset=/youtube.com.qa/4#inet#fw4#vpn_domains
nftset=/youtube.com.ro/4#inet#fw4#vpn_domains
nftset=/youtube.com.sa/4#inet#fw4#vpn_domains
nftset=/youtube.com.sg/4#inet#fw4#vpn_domains
nftset=/youtube.com.sv/4#inet#fw4#vpn_domains
nftset=/youtube.com.tn/4#inet#fw4#vpn_domains
nftset=/youtube.com.tr/4#inet#fw4#vpn_domains
nftset=/youtube.com.tw/4#inet#fw4#vpn_domains
nftset=/youtube.com.ua/4#inet#fw4#vpn_domains
nftset=/youtube.com.uy/4#inet#fw4#vpn_domains
nftset=/youtube.com.ve/4#inet#fw4#vpn_domains
nftset=/youtube.cr/4#inet#fw4#vpn_domains
nftset=/youtube.cz/4#inet#fw4#vpn_domains
nftset=/youtube.de/4#inet#fw4#vpn_domains
nftset=/youtube.dk/4#inet#fw4#vpn_domains
nftset=/youtube.ee/4#inet#fw4#vpn_domains
nftset=/youtube.es/4#inet#fw4#vpn_domains
nftset=/youtube.fi/4#inet#fw4#vpn_domains
nftset=/youtube.fr/4#inet#fw4#vpn_domains
nftset=/youtube.ge/4#inet#fw4#vpn_domains
nftset=/youtube.googleapis.com/4#inet#fw4#vpn_domains
nftset=/youtube.gr/4#inet#fw4#vpn_domains
nftset=/youtube.gt/4#inet#fw4#vpn_domains
nftset=/youtube.hk/4#inet#fw4#vpn_domains
nftset=/youtube.hr/4#inet#fw4#vpn_domains
nftset=/youtube.hu/4#inet#fw4#vpn_domains
nftset=/youtube.ie/4#inet#fw4#vpn_domains
nftset=/youtube.in/4#inet#fw4#vpn_domains
nftset=/youtube.iq/4#inet#fw4#vpn_domains
nftset=/youtube.is/4#inet#fw4#vpn_domains
nftset=/youtube.it/4#inet#fw4#vpn_domains
nftset=/youtube.jo/4#inet#fw4#vpn_domains
nftset=/youtube.jp/4#inet#fw4#vpn_domains
nftset=/youtube.kr/4#inet#fw4#vpn_domains
nftset=/youtube.kz/4#inet#fw4#vpn_domains
nftset=/youtube.la/4#inet#fw4#vpn_domains
nftset=/youtube.lk/4#inet#fw4#vpn_domains
nftset=/youtube.lt/4#inet#fw4#vpn_domains
nftset=/youtube.lu/4#inet#fw4#vpn_domains
nftset=/youtube.lv/4#inet#fw4#vpn_domains
nftset=/youtube.ly/4#inet#fw4#vpn_domains
nftset=/youtube.ma/4#inet#fw4#vpn_domains
nftset=/youtube.md/4#inet#fw4#vpn_domains
nftset=/youtube.me/4#inet#fw4#vpn_domains
nftset=/youtube.mk/4#inet#fw4#vpn_domains
nftset=/youtube.mn/4#inet#fw4#vpn_domains
nftset=/youtube.mx/4#inet#fw4#vpn_domains
nftset=/youtube.my/4#inet#fw4#vpn_domains
nftset=/youtube.ng/4#inet#fw4#vpn_domains
nftset=/youtube.ni/4#inet#fw4#vpn_domains
nftset=/youtube.nl/4#inet#fw4#vpn_domains
nftset=/youtube.no/4#inet#fw4#vpn_domains
nftset=/youtube.pa/4#inet#fw4#vpn_domains
nftset=/youtube.pe/4#inet#fw4#vpn_domains
nftset=/youtube.ph/4#inet#fw4#vpn_domains
nftset=/youtube.pk/4#inet#fw4#vpn_domains
nftset=/youtube.pl/4#inet#fw4#vpn_domains
nftset=/youtube.pr/4#inet#fw4#vpn_domains
nftset=/youtube.pt/4#inet#fw4#vpn_domains
nftset=/youtube.qa/4#inet#fw4#vpn_domains
nftset=/youtube.ro/4#inet#fw4#vpn_domains
nftset=/youtube.rs/4#inet#fw4#vpn_domains
nftset=/youtube.ru/4#inet#fw4#vpn_domains
nftset=/youtube.sa/4#inet#fw4#vpn_domains
nftset=/youtube.se/4#inet#fw4#vpn_domains
nftset=/youtube.sg/4#inet#fw4#vpn_domains
nftset=/youtube.si/4#inet#fw4#vpn_domains
nftset=/youtube.sk/4#inet#fw4#vpn_domains
nftset=/youtube.sn/4#inet#fw4#vpn_domains
nftset=/youtube.soy/4#inet#fw4#vpn_domains
nftset=/youtube.sv/4#inet#fw4#vpn_domains
nftset=/youtube.tn/4#inet#fw4#vpn_domains
nftset=/youtube.tv/4#inet#fw4#vpn_domains
nftset=/youtube.ua/4#inet#fw4#vpn_domains
nftset=/youtube.ug/4#inet#fw4#vpn_domains
nftset=/youtube.uy/4#inet#fw4#vpn_domains
nftset=/youtube.vn/4#inet#fw4#vpn_domains
nftset=/youtubeeducation.com/4#inet#fw4#vpn_domains
nftset=/youtubeembeddedplayer.googleapis.com/4#inet#fw4#vpn_domains
nftset=/youtubefanfest.com/4#inet#fw4#vpn_domains
nftset=/youtubegaming.com/4#inet#fw4#vpn_domains
nftset=/youtubego.co.id/4#inet#fw4#vpn_domains
nftset=/youtubego.co.in/4#inet#fw4#vpn_domains
nftset=/youtubego.com/4#inet#fw4#vpn_domains
nftset=/youtubego.com.br/4#inet#fw4#vpn_domains
nftset=/youtubego.id/4#inet#fw4#vpn_domains
nftset=/youtubego.in/4#inet#fw4#vpn_domains
nftset=/youtubei.googleapis.com/4#inet#fw4#vpn_domains
nftset=/youtubekids.com/4#inet#fw4#vpn_domains
nftset=/youtubemobilesupport.com/4#inet#fw4#vpn_domains
nftset=/yt.be/4#inet#fw4#vpn_domains
nftset=/ytimg.com/4#inet#fw4#vpn_domains
nftset=/discord-attachments-uploads-prd.storage.googleapis.com/4#inet#fw4#vpn_domains
nftset=/patreon.com/4#inet#fw4#vpn_domains
nftset=/prnt.sc/4#inet#fw4#vpn_domains
nftset=/linktr.ee/4#inet#fw4#vpn_domains
nftset=/twitter.com/4#inet#fw4#vpn_domains
nftset=/adguard.com/4#inet#fw4#vpn_domains
nftset=/clck.ru/4#inet#fw4#vpn_domains
nftset=/i.supa.codes/4#inet#fw4#vpn_domains
nftset=/femboy.beauty/4#inet#fw4#vpn_domains
nftset=/ru.download.nvidia.com/4#inet#fw4#vpn_domains
nftset=/nvidia.com/4#inet#fw4#vpn_domains
nftset=/download.nvidia.com/4#inet#fw4#vpn_domains
nftset=/kappa.lol/4#inet#fw4#vpn_domains
nftset=/amc.yandex.r/4#inet#fw4#vpn_domains
